<?xml version="1.0" encoding="UTF-8"?>
<testng-results skipped="1" failed="1" total="9" passed="7">
  <reporter-output>
    <line>
      <![CDATA[Application Lauched successfully | ]]>
    </line>
    <line>
      <![CDATA[Sign In Successful | ]]>
    </line>
    <line>
      <![CDATA[User is Logged out and Application is closed | ]]>
    </line>
    <line>
      <![CDATA[Application Lauched successfully | ]]>
    </line>
    <line>
      <![CDATA[User is Logged out and Application is closed | ]]>
    </line>
    <line>
      <![CDATA[Application Lauched successfully | ]]>
    </line>
    <line>
      <![CDATA[User is Logged out and Application is closed | ]]>
    </line>
    <line>
      <![CDATA[Application Lauched successfully | ]]>
    </line>
    <line>
      <![CDATA[User is Logged out and Application is closed | ]]>
    </line>
    <line>
      <![CDATA[Application Lauched successfully | ]]>
    </line>
    <line>
      <![CDATA[User is Logged out and Application is closed | ]]>
    </line>
    <line>
      <![CDATA[Application Lauched successfully | ]]>
    </line>
    <line>
      <![CDATA[User is Logged out and Application is closed | ]]>
    </line>
    <line>
      <![CDATA[Application Lauched successfully | ]]>
    </line>
    <line>
      <![CDATA[User is Logged out and Application is closed | ]]>
    </line>
  </reporter-output>
  <suite name="Suite_DataProvider" duration-ms="59976" started-at="2018-01-16T11:13:40Z" finished-at="2018-01-16T11:14:40Z">
    <groups>
    </groups>
    <test name="Test_DataProvider1" duration-ms="59976" started-at="2018-01-16T11:13:40Z" finished-at="2018-01-16T11:14:40Z">
      <class name="datadriven.test.DataProvider_WithExcel">
        <test-method status="PASS" signature="startDriver()[pri:0, instance:datadriven.test.DataProvider_WithExcel@7006c658]" name="startDriver" is-config="true" duration-ms="31200" started-at="2018-01-16T16:43:40Z" finished-at="2018-01-16T16:44:11Z">
          <reporter-output>
          </reporter-output>
        </test-method> <!-- startDriver -->
        <test-method status="FAIL" signature="FailedChecked()[pri:0, instance:datadriven.test.DataProvider_WithExcel@7006c658]" name="FailedChecked" duration-ms="4" started-at="2018-01-16T16:44:11Z" finished-at="2018-01-16T16:44:11Z">
          <exception class="java.lang.AssertionError">
            <message>
              <![CDATA[expected [true] but found [false]]]>
            </message>
            <full-stacktrace>
              <![CDATA[java.lang.AssertionError: expected [true] but found [false]
	at org.testng.Assert.fail(Assert.java:94)
	at org.testng.Assert.failNotEquals(Assert.java:494)
	at org.testng.Assert.assertTrue(Assert.java:42)
	at org.testng.Assert.assertTrue(Assert.java:52)
	at datadriven.test.DataProvider_WithExcel.FailedChecked(DataProvider_WithExcel.java:68)
	at sun.reflect.NativeMethodAccessorImpl.invoke0(Native Method)
	at sun.reflect.NativeMethodAccessorImpl.invoke(NativeMethodAccessorImpl.java:62)
	at sun.reflect.DelegatingMethodAccessorImpl.invoke(DelegatingMethodAccessorImpl.java:43)
	at java.lang.reflect.Method.invoke(Method.java:498)
	at org.testng.internal.MethodInvocationHelper.invokeMethod(MethodInvocationHelper.java:84)
	at org.testng.internal.Invoker.invokeMethod(Invoker.java:714)
	at org.testng.internal.Invoker.invokeTestMethod(Invoker.java:901)
	at org.testng.internal.Invoker.invokeTestMethods(Invoker.java:1231)
	at org.testng.internal.TestMethodWorker.invokeTestMethods(TestMethodWorker.java:127)
	at org.testng.internal.TestMethodWorker.run(TestMethodWorker.java:111)
	at org.testng.TestRunner.privateRun(TestRunner.java:767)
	at org.testng.TestRunner.run(TestRunner.java:617)
	at org.testng.SuiteRunner.runTest(SuiteRunner.java:334)
	at org.testng.SuiteRunner.runSequentially(SuiteRunner.java:329)
	at org.testng.SuiteRunner.privateRun(SuiteRunner.java:291)
	at org.testng.SuiteRunner.run(SuiteRunner.java:240)
	at org.testng.SuiteRunnerWorker.runSuite(SuiteRunnerWorker.java:52)
	at org.testng.SuiteRunnerWorker.run(SuiteRunnerWorker.java:86)
	at org.testng.TestNG.runSuitesSequentially(TestNG.java:1224)
	at org.testng.TestNG.runSuitesLocally(TestNG.java:1149)
	at org.testng.TestNG.run(TestNG.java:1057)
	at org.testng.TestNG.privateMain(TestNG.java:1364)
	at org.testng.TestNG.main(TestNG.java:1333)
]]>
            </full-stacktrace>
          </exception> <!-- java.lang.AssertionError -->
          <reporter-output>
          </reporter-output>
        </test-method> <!-- FailedChecked -->
        <test-method status="SKIP" signature="showSkipTest()[pri:0, instance:datadriven.test.DataProvider_WithExcel@7006c658]" name="showSkipTest" duration-ms="0" started-at="2018-01-16T16:44:11Z" finished-at="2018-01-16T16:44:11Z">
          <exception class="org.testng.SkipException">
            <message>
              <![CDATA[Opps... test skipped]]>
            </message>
            <full-stacktrace>
              <![CDATA[org.testng.SkipException: Opps... test skipped
	at datadriven.test.DataProvider_WithExcel.showSkipTest(DataProvider_WithExcel.java:62)
	at sun.reflect.NativeMethodAccessorImpl.invoke0(Native Method)
	at sun.reflect.NativeMethodAccessorImpl.invoke(NativeMethodAccessorImpl.java:62)
	at sun.reflect.DelegatingMethodAccessorImpl.invoke(DelegatingMethodAccessorImpl.java:43)
	at java.lang.reflect.Method.invoke(Method.java:498)
	at org.testng.internal.MethodInvocationHelper.invokeMethod(MethodInvocationHelper.java:84)
	at org.testng.internal.Invoker.invokeMethod(Invoker.java:714)
	at org.testng.internal.Invoker.invokeTestMethod(Invoker.java:901)
	at org.testng.internal.Invoker.invokeTestMethods(Invoker.java:1231)
	at org.testng.internal.TestMethodWorker.invokeTestMethods(TestMethodWorker.java:127)
	at org.testng.internal.TestMethodWorker.run(TestMethodWorker.java:111)
	at org.testng.TestRunner.privateRun(TestRunner.java:767)
	at org.testng.TestRunner.run(TestRunner.java:617)
	at org.testng.SuiteRunner.runTest(SuiteRunner.java:334)
	at org.testng.SuiteRunner.runSequentially(SuiteRunner.java:329)
	at org.testng.SuiteRunner.privateRun(SuiteRunner.java:291)
	at org.testng.SuiteRunner.run(SuiteRunner.java:240)
	at org.testng.SuiteRunnerWorker.runSuite(SuiteRunnerWorker.java:52)
	at org.testng.SuiteRunnerWorker.run(SuiteRunnerWorker.java:86)
	at org.testng.TestNG.runSuitesSequentially(TestNG.java:1224)
	at org.testng.TestNG.runSuitesLocally(TestNG.java:1149)
	at org.testng.TestNG.run(TestNG.java:1057)
	at org.testng.TestNG.privateMain(TestNG.java:1364)
	at org.testng.TestNG.main(TestNG.java:1333)
]]>
            </full-stacktrace>
          </exception> <!-- org.testng.SkipException -->
          <reporter-output>
          </reporter-output>
        </test-method> <!-- showSkipTest -->
        <test-method status="PASS" signature="testing(java.lang.String, java.lang.String, java.lang.String)[pri:0, instance:datadriven.test.DataProvider_WithExcel@7006c658]" name="testing" duration-ms="7119" started-at="2018-01-16T16:44:14Z" data-provider="Authentication" finished-at="2018-01-16T16:44:21Z">
          <params>
            <param index="0">
              <value>
                <![CDATA[vikasgarg.mgl@gmail.com]]>
              </value>
            </param>
            <param index="1">
              <value>
                <![CDATA[master1]]>
              </value>
            </param>
            <param index="2">
              <value>
                <![CDATA[]]>
              </value>
            </param>
          </params>
          <reporter-output>
            <line>
              <![CDATA[Application Lauched successfully | ]]>
            </line>
            <line>
              <![CDATA[Sign In Successful | ]]>
            </line>
            <line>
              <![CDATA[User is Logged out and Application is closed | ]]>
            </line>
          </reporter-output>
        </test-method> <!-- testing -->
        <test-method status="PASS" signature="testing(java.lang.String, java.lang.String, java.lang.String)[pri:0, instance:datadriven.test.DataProvider_WithExcel@7006c658]" name="testing" duration-ms="3190" started-at="2018-01-16T16:44:21Z" data-provider="Authentication" finished-at="2018-01-16T16:44:25Z">
          <params>
            <param index="0">
              <value>
                <![CDATA[vikasgarg.mgl@gmail.com]]>
              </value>
            </param>
            <param index="1">
              <value>
                <![CDATA[master]]>
              </value>
            </param>
            <param index="2">
              <value>
                <![CDATA[Invalid email or password specified. Forgot your password?]]>
              </value>
            </param>
          </params>
          <reporter-output>
            <line>
              <![CDATA[Application Lauched successfully | ]]>
            </line>
            <line>
              <![CDATA[User is Logged out and Application is closed | ]]>
            </line>
          </reporter-output>
        </test-method> <!-- testing -->
        <test-method status="PASS" signature="testing(java.lang.String, java.lang.String, java.lang.String)[pri:0, instance:datadriven.test.DataProvider_WithExcel@7006c658]" name="testing" duration-ms="2750" started-at="2018-01-16T16:44:25Z" data-provider="Authentication" finished-at="2018-01-16T16:44:27Z">
          <params>
            <param index="0">
              <value>
                <![CDATA[]]>
              </value>
            </param>
            <param index="1">
              <value>
                <![CDATA[master1]]>
              </value>
            </param>
            <param index="2">
              <value>
                <![CDATA[Invalid email or password specified. Forgot your password?]]>
              </value>
            </param>
          </params>
          <reporter-output>
            <line>
              <![CDATA[Application Lauched successfully | ]]>
            </line>
            <line>
              <![CDATA[User is Logged out and Application is closed | ]]>
            </line>
          </reporter-output>
        </test-method> <!-- testing -->
        <test-method status="PASS" signature="testing(java.lang.String, java.lang.String, java.lang.String)[pri:0, instance:datadriven.test.DataProvider_WithExcel@7006c658]" name="testing" duration-ms="2788" started-at="2018-01-16T16:44:27Z" data-provider="Authentication" finished-at="2018-01-16T16:44:30Z">
          <params>
            <param index="0">
              <value>
                <![CDATA[]]>
              </value>
            </param>
            <param index="1">
              <value>
                <![CDATA[]]>
              </value>
            </param>
            <param index="2">
              <value>
                <![CDATA[Invalid email or password specified. Forgot your password?]]>
              </value>
            </param>
          </params>
          <reporter-output>
            <line>
              <![CDATA[Application Lauched successfully | ]]>
            </line>
            <line>
              <![CDATA[User is Logged out and Application is closed | ]]>
            </line>
          </reporter-output>
        </test-method> <!-- testing -->
        <test-method status="PASS" signature="testing(java.lang.String, java.lang.String, java.lang.String)[pri:0, instance:datadriven.test.DataProvider_WithExcel@7006c658]" name="testing" duration-ms="2824" started-at="2018-01-16T16:44:30Z" data-provider="Authentication" finished-at="2018-01-16T16:44:33Z">
          <params>
            <param index="0">
              <value>
                <![CDATA[vikasgarg.mgl@gmail.com]]>
              </value>
            </param>
            <param index="1">
              <value>
                <![CDATA[]]>
              </value>
            </param>
            <param index="2">
              <value>
                <![CDATA[Invalid email or password specified. Forgot your password?]]>
              </value>
            </param>
          </params>
          <reporter-output>
            <line>
              <![CDATA[Application Lauched successfully | ]]>
            </line>
            <line>
              <![CDATA[User is Logged out and Application is closed | ]]>
            </line>
          </reporter-output>
        </test-method> <!-- testing -->
        <test-method status="PASS" signature="testing(java.lang.String, java.lang.String, java.lang.String)[pri:0, instance:datadriven.test.DataProvider_WithExcel@7006c658]" name="testing" duration-ms="2764" started-at="2018-01-16T16:44:33Z" data-provider="Authentication" finished-at="2018-01-16T16:44:36Z">
          <params>
            <param index="0">
              <value>
                <![CDATA[VIKAS]]>
              </value>
            </param>
            <param index="1">
              <value>
                <![CDATA[master1]]>
              </value>
            </param>
            <param index="2">
              <value>
                <![CDATA[Invalid email or password specified. Forgot your password?]]>
              </value>
            </param>
          </params>
          <reporter-output>
            <line>
              <![CDATA[Application Lauched successfully | ]]>
            </line>
            <line>
              <![CDATA[User is Logged out and Application is closed | ]]>
            </line>
          </reporter-output>
        </test-method> <!-- testing -->
        <test-method status="PASS" signature="testing(java.lang.String, java.lang.String, java.lang.String)[pri:0, instance:datadriven.test.DataProvider_WithExcel@7006c658]" name="testing" duration-ms="2934" started-at="2018-01-16T16:44:36Z" data-provider="Authentication" finished-at="2018-01-16T16:44:39Z">
          <params>
            <param index="0">
              <value>
                <![CDATA[*1234567]]>
              </value>
            </param>
            <param index="1">
              <value>
                <![CDATA[34//']]>
              </value>
            </param>
            <param index="2">
              <value>
                <![CDATA[Invalid email or password specified. Forgot your password?]]>
              </value>
            </param>
          </params>
          <reporter-output>
            <line>
              <![CDATA[Application Lauched successfully | ]]>
            </line>
            <line>
              <![CDATA[User is Logged out and Application is closed | ]]>
            </line>
          </reporter-output>
        </test-method> <!-- testing -->
        <test-method status="PASS" signature="afterMethod()[pri:0, instance:datadriven.test.DataProvider_WithExcel@7006c658]" name="afterMethod" is-config="true" duration-ms="831" started-at="2018-01-16T16:44:39Z" finished-at="2018-01-16T16:44:40Z">
          <reporter-output>
          </reporter-output>
        </test-method> <!-- afterMethod -->
      </class> <!-- datadriven.test.DataProvider_WithExcel -->
    </test> <!-- Test_DataProvider1 -->
  </suite> <!-- Suite_DataProvider -->
</testng-results>
