<?xml version="1.0" encoding="UTF-8"?>
<!-- Generated by org.testng.reporters.JUnitXMLReporter -->
<testsuite hostname="GDC-VikasKu-LPT" ignored="0" name="Parameter_Outside" tests="1" failures="1" timestamp="29 Dec 2017 11:51:22 GMT" time="96.64" errors="0">
  <testcase name="testing" time="96.55" classname="com.test.Passing_Parameter_TestNG">
    <failure type="java.lang.AssertionError" message="expected [Log Out] but found [Log out]">
      <![CDATA[java.lang.AssertionError: expected [Log Out] but found [Log out]at com.test.Passing_Parameter_TestNG.testing(Passing_Parameter_TestNG.java:70)... Removed 31 stack frames]]>
    </failure>
  </testcase> <!-- testing -->
</testsuite> <!-- Parameter_Outside -->
