<?xml version="1.0" encoding="UTF-8"?>
<!-- Generated by org.testng.reporters.JUnitXMLReporter -->
<testsuite hostname="GDC-VikasKu-LPT" ignored="0" name="Default test" tests="7" failures="0" timestamp="09 Jan 2018 12:46:42 GMT" time="55.665" errors="0">
  <testcase name="testing" time="5.714" classname="datadriven.test.DataProvider_WithExcel"/>
  <testcase name="testing" time="4.009" classname="datadriven.test.DataProvider_WithExcel"/>
  <testcase name="testing" time="2.733" classname="datadriven.test.DataProvider_WithExcel"/>
  <testcase name="testing" time="2.807" classname="datadriven.test.DataProvider_WithExcel"/>
  <testcase name="testing" time="2.898" classname="datadriven.test.DataProvider_WithExcel"/>
  <testcase name="testing" time="2.892" classname="datadriven.test.DataProvider_WithExcel"/>
  <testcase name="testing" time="2.982" classname="datadriven.test.DataProvider_WithExcel"/>
</testsuite> <!-- Default test -->
