<?xml version="1.0" encoding="UTF-8"?>
<!-- Generated by org.testng.reporters.JUnitXMLReporter -->
<testsuite hostname="GDC-VikasKu-LPT" ignored="4" name="Practice Grouping" tests="1" failures="0" timestamp="29 Dec 2017 07:16:50 GMT" time="0.047" errors="0">
  <testcase name="Sedan1" time="0.011" classname="com.test.Grouping"/>
  <testcase name="Scooter1" time="0.0" classname="com.test.Grouping">
    <ignored/>
  </testcase> <!-- Scooter1 -->
  <testcase name="Car2" time="0.0" classname="com.test.Grouping">
    <ignored/>
  </testcase> <!-- Car2 -->
  <testcase name="Scooter2" time="0.0" classname="com.test.Grouping">
    <ignored/>
  </testcase> <!-- Scooter2 -->
  <testcase name="Car1" time="0.0" classname="com.test.Grouping">
    <ignored/>
  </testcase> <!-- Car1 -->
</testsuite> <!-- Practice Grouping -->
