<?xml version="1.0" encoding="UTF-8"?>
<!-- Generated by org.testng.reporters.JUnitXMLReporter -->
<testsuite hostname="GDC-VikasKu-LPT" name="Test_DataProvider1" tests="9" failures="1" timestamp="16 Jan 2018 11:14:40 GMT" time="59.976" errors="0">
  <testcase name="FailedChecked" time="0.004" classname="datadriven.test.DataProvider_WithExcel">
    <failure type="java.lang.AssertionError" message="expected [true] but found [false]">
      <![CDATA[java.lang.AssertionError: expected [true] but found [false]
	at datadriven.test.DataProvider_WithExcel.FailedChecked(DataProvider_WithExcel.java:68)
... Removed 27 stack frames]]>
    </failure>
  </testcase> <!-- FailedChecked -->
  <testcase name="showSkipTest" time="0.0" classname="datadriven.test.DataProvider_WithExcel">
    <skipped/>
  </testcase> <!-- showSkipTest -->
  <testcase name="testing" time="7.119" classname="datadriven.test.DataProvider_WithExcel"/>
  <testcase name="testing" time="3.19" classname="datadriven.test.DataProvider_WithExcel"/>
  <testcase name="testing" time="2.75" classname="datadriven.test.DataProvider_WithExcel"/>
  <testcase name="testing" time="2.788" classname="datadriven.test.DataProvider_WithExcel"/>
  <testcase name="testing" time="2.824" classname="datadriven.test.DataProvider_WithExcel"/>
  <testcase name="testing" time="2.764" classname="datadriven.test.DataProvider_WithExcel"/>
  <testcase name="testing" time="2.934" classname="datadriven.test.DataProvider_WithExcel"/>
</testsuite> <!-- Test_DataProvider1 -->
