<?xml version="1.0" encoding="UTF-8"?>
<!-- Generated by org.testng.reporters.JUnitXMLReporter -->
<testsuite hostname="GDC-VikasKu-LPT" name="Test_DataProvider" tests="7" failures="0" timestamp="10 Jan 2018 08:37:35 GMT" time="41.809" errors="0">
  <testcase name="testing" time="8.284" classname="datadriven.test.DataProvider_WithExcel"/>
  <testcase name="testing" time="3.359" classname="datadriven.test.DataProvider_WithExcel"/>
  <testcase name="testing" time="2.844" classname="datadriven.test.DataProvider_WithExcel"/>
  <testcase name="testing" time="3.04" classname="datadriven.test.DataProvider_WithExcel"/>
  <testcase name="testing" time="3.15" classname="datadriven.test.DataProvider_WithExcel"/>
  <testcase name="testing" time="2.87" classname="datadriven.test.DataProvider_WithExcel"/>
  <testcase name="testing" time="2.828" classname="datadriven.test.DataProvider_WithExcel"/>
</testsuite> <!-- Test_DataProvider -->
